2024-05-23 13:24:22,324 DEBUG    root            Loaded Command Group: ['gcloud', 'components']
2024-05-23 13:24:22,327 DEBUG    root            Loaded Command Group: ['gcloud', 'components', 'update']
2024-05-23 13:24:22,330 DEBUG    root            Running [gcloud.components.update] with arguments: [--quiet: "True", COMPONENT-IDS:8: "['gcloud', 'core', 'bq', 'gsutil', 'compute', 'preview', 'alpha', 'beta']"]
2024-05-23 13:24:22,331 INFO     ___FILE_ONLY___ Beginning update. This process may take several minutes.

2024-05-23 13:24:22,340 DEBUG    urllib3.connectionpool Starting new HTTPS connection (1): dl.google.com:443
2024-05-23 13:24:22,410 DEBUG    urllib3.connectionpool https://dl.google.com:443 "GET /dl/cloudsdk/channels/rapid/components-2.json HTTP/1.1" 200 222652
2024-05-23 13:24:22,435 WARNING  root            Component [preview] no longer exists.
2024-05-23 13:24:22,435 WARNING  root            Component [compute] no longer exists.
2024-05-23 13:24:22,436 INFO     ___FILE_ONLY___ 

2024-05-23 13:24:22,437 INFO     ___FILE_ONLY___ 
Your current Google Cloud CLI version is: 477.0.0

2024-05-23 13:24:22,437 INFO     ___FILE_ONLY___ Installing components from version: 477.0.0

2024-05-23 13:24:22,437 INFO     ___FILE_ONLY___ 

2024-05-23 13:24:22,437 DEBUG    root            Chosen display Format:table[box,title="These components will be removed."](details.display_name:label=Name:align=left,version.version_string:label=Version:align=right,data.size.size(zero="",min=1048576):label=Size:align=right)
2024-05-23 13:24:22,438 DEBUG    root            Chosen display Format:table[box,title="These components will be updated."](details.display_name:label=Name:align=left,version.version_string:label=Version:align=right,data.size.size(zero="",min=1048576):label=Size:align=right)
2024-05-23 13:24:22,439 DEBUG    root            Chosen display Format:table[box,title="These components will be installed."](details.display_name:label=Name:align=left,version.version_string:label=Version:align=right,data.size.size(zero="",min=1048576):label=Size:align=right)
2024-05-23 13:24:22,481 INFO     ___FILE_ONLY___ ┌──────────────────────────────────────────────┐
2024-05-23 13:24:22,481 INFO     ___FILE_ONLY___ 

2024-05-23 13:24:22,481 INFO     ___FILE_ONLY___ │     These components will be installed.      │
2024-05-23 13:24:22,481 INFO     ___FILE_ONLY___ 

2024-05-23 13:24:22,481 INFO     ___FILE_ONLY___ ├───────────────────────┬────────────┬─────────┤
2024-05-23 13:24:22,481 INFO     ___FILE_ONLY___ 

2024-05-23 13:24:22,481 INFO     ___FILE_ONLY___ │          Name         │  Version   │   Size  │
2024-05-23 13:24:22,482 INFO     ___FILE_ONLY___ 

2024-05-23 13:24:22,482 INFO     ___FILE_ONLY___ ├───────────────────────┼────────────┼─────────┤
2024-05-23 13:24:22,482 INFO     ___FILE_ONLY___ 

2024-05-23 13:24:22,482 INFO     ___FILE_ONLY___ │ 
2024-05-23 13:24:22,482 INFO     ___FILE_ONLY___ gcloud Alpha Commands
2024-05-23 13:24:22,482 INFO     ___FILE_ONLY___  
2024-05-23 13:24:22,482 INFO     ___FILE_ONLY___ │ 
2024-05-23 13:24:22,482 INFO     ___FILE_ONLY___ 2024.05.17
2024-05-23 13:24:22,482 INFO     ___FILE_ONLY___  
2024-05-23 13:24:22,482 INFO     ___FILE_ONLY___ │ 
2024-05-23 13:24:22,482 INFO     ___FILE_ONLY___ < 1 MiB
2024-05-23 13:24:22,482 INFO     ___FILE_ONLY___  
2024-05-23 13:24:22,482 INFO     ___FILE_ONLY___ │
2024-05-23 13:24:22,483 INFO     ___FILE_ONLY___ 

2024-05-23 13:24:22,483 INFO     ___FILE_ONLY___ │ 
2024-05-23 13:24:22,483 INFO     ___FILE_ONLY___ gcloud Beta Commands 
2024-05-23 13:24:22,483 INFO     ___FILE_ONLY___  
2024-05-23 13:24:22,483 INFO     ___FILE_ONLY___ │ 
2024-05-23 13:24:22,483 INFO     ___FILE_ONLY___ 2024.05.17
2024-05-23 13:24:22,483 INFO     ___FILE_ONLY___  
2024-05-23 13:24:22,483 INFO     ___FILE_ONLY___ │ 
2024-05-23 13:24:22,483 INFO     ___FILE_ONLY___ < 1 MiB
2024-05-23 13:24:22,483 INFO     ___FILE_ONLY___  
2024-05-23 13:24:22,483 INFO     ___FILE_ONLY___ │
2024-05-23 13:24:22,483 INFO     ___FILE_ONLY___ 

2024-05-23 13:24:22,483 INFO     ___FILE_ONLY___ └───────────────────────┴────────────┴─────────┘
2024-05-23 13:24:22,483 INFO     ___FILE_ONLY___ 

2024-05-23 13:24:22,484 INFO     ___FILE_ONLY___ 

2024-05-23 13:24:22,488 DEBUG    urllib3.connectionpool Starting new HTTPS connection (1): dl.google.com:443
2024-05-23 13:24:22,559 DEBUG    urllib3.connectionpool https://dl.google.com:443 "GET /dl/cloudsdk/channels/rapid/RELEASE_NOTES HTTP/1.1" 200 1214727
2024-05-23 13:24:22,643 INFO     ___FILE_ONLY___ For the latest full release notes, please visit:
  https://cloud.google.com/sdk/release_notes


2024-05-23 13:24:22,645 INFO     ___FILE_ONLY___ ╔════════════════════════════════════════════════════════════╗

2024-05-23 13:24:22,646 INFO     ___FILE_ONLY___ ╠═ Creating update staging area                             ═╣

2024-05-23 13:24:22,646 INFO     ___FILE_ONLY___ ╚
2024-05-23 13:24:22,646 INFO     ___FILE_ONLY___ ══════
2024-05-23 13:24:23,440 INFO     ___FILE_ONLY___ ══════
2024-05-23 13:24:23,440 INFO     ___FILE_ONLY___ ══════
2024-05-23 13:24:23,897 INFO     ___FILE_ONLY___ ═
2024-05-23 13:24:23,964 INFO     ___FILE_ONLY___ ═
2024-05-23 13:24:24,013 INFO     ___FILE_ONLY___ ═
2024-05-23 13:24:24,059 INFO     ___FILE_ONLY___ ═
2024-05-23 13:24:24,106 INFO     ___FILE_ONLY___ ═
2024-05-23 13:24:24,158 INFO     ___FILE_ONLY___ ═
2024-05-23 13:24:24,207 INFO     ___FILE_ONLY___ ═
2024-05-23 13:24:24,290 INFO     ___FILE_ONLY___ ═
2024-05-23 13:24:24,491 INFO     ___FILE_ONLY___ ═
2024-05-23 13:24:24,593 INFO     ___FILE_ONLY___ ═
2024-05-23 13:24:24,727 INFO     ___FILE_ONLY___ ═
2024-05-23 13:24:24,906 INFO     ___FILE_ONLY___ ═
2024-05-23 13:24:25,243 INFO     ___FILE_ONLY___ ═
2024-05-23 13:24:25,347 INFO     ___FILE_ONLY___ ═
2024-05-23 13:24:25,435 INFO     ___FILE_ONLY___ ═
2024-05-23 13:24:25,515 INFO     ___FILE_ONLY___ ═
2024-05-23 13:24:25,605 INFO     ___FILE_ONLY___ ═
2024-05-23 13:24:25,674 INFO     ___FILE_ONLY___ ═
2024-05-23 13:24:25,744 INFO     ___FILE_ONLY___ ═
2024-05-23 13:24:25,808 INFO     ___FILE_ONLY___ ═
2024-05-23 13:24:25,880 INFO     ___FILE_ONLY___ ═
2024-05-23 13:24:25,946 INFO     ___FILE_ONLY___ ═
2024-05-23 13:24:26,018 INFO     ___FILE_ONLY___ ═
2024-05-23 13:24:26,089 INFO     ___FILE_ONLY___ ═
2024-05-23 13:24:26,162 INFO     ___FILE_ONLY___ ═
2024-05-23 13:24:26,232 INFO     ___FILE_ONLY___ ═
2024-05-23 13:24:26,301 INFO     ___FILE_ONLY___ ═
2024-05-23 13:24:26,395 INFO     ___FILE_ONLY___ ═
2024-05-23 13:24:26,514 INFO     ___FILE_ONLY___ ═
2024-05-23 13:24:26,617 INFO     ___FILE_ONLY___ ═
2024-05-23 13:24:26,718 INFO     ___FILE_ONLY___ ═
2024-05-23 13:24:26,783 INFO     ___FILE_ONLY___ ═
2024-05-23 13:24:26,870 INFO     ___FILE_ONLY___ ═
2024-05-23 13:24:26,947 INFO     ___FILE_ONLY___ ═
2024-05-23 13:24:27,021 INFO     ___FILE_ONLY___ ═
2024-05-23 13:24:27,095 INFO     ___FILE_ONLY___ ═
2024-05-23 13:24:27,176 INFO     ___FILE_ONLY___ ═
2024-05-23 13:24:27,252 INFO     ___FILE_ONLY___ ═
2024-05-23 13:24:27,339 INFO     ___FILE_ONLY___ ═
2024-05-23 13:24:27,413 INFO     ___FILE_ONLY___ ═
2024-05-23 13:24:27,487 INFO     ___FILE_ONLY___ ═
2024-05-23 13:24:27,556 INFO     ___FILE_ONLY___ ═
2024-05-23 13:24:27,556 INFO     ___FILE_ONLY___ ╝

2024-05-23 13:24:31,330 INFO     ___FILE_ONLY___ ╔════════════════════════════════════════════════════════════╗

2024-05-23 13:24:31,330 INFO     ___FILE_ONLY___ ╠═ Installing: gcloud Alpha Commands                        ═╣

2024-05-23 13:24:31,330 INFO     ___FILE_ONLY___ ╚
2024-05-23 13:24:31,335 DEBUG    urllib3.connectionpool Starting new HTTPS connection (1): dl.google.com:443
2024-05-23 13:24:31,417 DEBUG    urllib3.connectionpool https://dl.google.com:443 "GET /dl/cloudsdk/channels/rapid/components/google-cloud-sdk-alpha-20240517151541.tar.gz HTTP/1.1" 200 800
2024-05-23 13:24:31,418 INFO     ___FILE_ONLY___ ══════════════════════════════
2024-05-23 13:24:31,419 INFO     ___FILE_ONLY___ ══════════════════════════════
2024-05-23 13:24:31,420 INFO     ___FILE_ONLY___ ╝

2024-05-23 13:24:31,429 INFO     ___FILE_ONLY___ ╔════════════════════════════════════════════════════════════╗

2024-05-23 13:24:31,429 INFO     ___FILE_ONLY___ ╠═ Installing: gcloud Beta Commands                         ═╣

2024-05-23 13:24:31,430 INFO     ___FILE_ONLY___ ╚
2024-05-23 13:24:31,434 DEBUG    urllib3.connectionpool Starting new HTTPS connection (1): dl.google.com:443
2024-05-23 13:24:31,497 DEBUG    urllib3.connectionpool https://dl.google.com:443 "GET /dl/cloudsdk/channels/rapid/components/google-cloud-sdk-beta-20240517151541.tar.gz HTTP/1.1" 200 797
2024-05-23 13:24:31,498 INFO     ___FILE_ONLY___ ══════════════════════════════
2024-05-23 13:24:31,499 INFO     ___FILE_ONLY___ ══════════════════════════════
2024-05-23 13:24:31,499 INFO     ___FILE_ONLY___ ╝

2024-05-23 13:24:31,509 INFO     ___FILE_ONLY___ ╔════════════════════════════════════════════════════════════╗

2024-05-23 13:24:31,509 INFO     ___FILE_ONLY___ ╠═ Creating backup and activating new installation          ═╣

2024-05-23 13:24:31,509 INFO     ___FILE_ONLY___ ╚
2024-05-23 13:24:31,510 DEBUG    root            Attempting to move directory [/tools/google-cloud-sdk] to [/tools/google-cloud-sdk.staging/.install/.backup]
2024-05-23 13:24:31,510 INFO     ___FILE_ONLY___ ══════════════════════════════
2024-05-23 13:24:31,510 DEBUG    root            Attempting to move directory [/tools/google-cloud-sdk.staging] to [/tools/google-cloud-sdk]
2024-05-23 13:24:31,510 INFO     ___FILE_ONLY___ ══════════════════════════════
2024-05-23 13:24:31,510 INFO     ___FILE_ONLY___ ╝

2024-05-23 13:24:31,514 DEBUG    root            Updating notification cache...
2024-05-23 13:24:31,515 INFO     ___FILE_ONLY___ 

2024-05-23 13:24:31,517 INFO     ___FILE_ONLY___ Performing post processing steps...
2024-05-23 13:24:31,518 DEBUG    root            Executing command: ['/tools/google-cloud-sdk/bin/gcloud', 'components', 'post-process']
2024-05-23 13:24:43,228 DEBUG    ___FILE_ONLY___ 
2024-05-23 13:24:43,228 DEBUG    ___FILE_ONLY___ 
2024-05-23 13:24:43,285 INFO     ___FILE_ONLY___ 
Update done!


2024-05-23 13:24:43,289 DEBUG    root            Chosen display Format:none
2024-05-23 13:24:43,289 INFO     root            Display format: "none"
